usage: stack.py [-h] [-N NMAX] [--grad-lmin GRAD_LMIN] [--grad-lmax GRAD_LMAX]
                [--hres-lmin HRES_LMIN] [--hres-lmax HRES_LMAX]
                [--klmin KLMIN] [--klmax KLMAX] [--hres-lxcut HRES_LXCUT]
                [--hres-lycut HRES_LYCUT] [--zmin ZMIN] [--zmax ZMAX]
                [--snmin SNMIN] [--snmax SNMAX] [--y0min Y0MIN]
                [--y0max Y0MAX] [--full-sim-index FULL_SIM_INDEX]
                [--ilc-lmin ILC_LMIN] [--ilc-lmax ILC_LMAX] [--arcmax ARCMAX]
                [--arcstep ARCSTEP] [--max-rms MAX_RMS] [--swidth SWIDTH]
                [--pwidth PWIDTH] [--no-fit-noise] [--day-null]
                [--tap-per TAP_PER] [--pad-per PAD_PER]
                [--debug-fit DEBUG_FIT] [--debug-anomalies] [--debug-powers]
                [--debug-nl] [--no-90] [--no-150] [--inpaint] [--no-sz-sub]
                [--s19] [--curl] [--inject-sim]
                [--lensed-sim-version LENSED_SIM_VERSION] [-o]
                [--is-meanfield] [--debug-stack] [--bcg] [--rand-rot]
usage: stack.py [-h] [-N NMAX] [--grad-lmin GRAD_LMIN] [--grad-lmax GRAD_LMAX]
                [--hres-lmin HRES_LMIN] [--hres-lmax HRES_LMAX]
                [--klmin KLMIN] [--klmax KLMAX] [--hres-lxcut HRES_LXCUT]
                [--hres-lycut HRES_LYCUT] [--zmin ZMIN] [--zmax ZMAX]
                [--snmin SNMIN] [--snmax SNMAX] [--y0min Y0MIN]
                [--y0max Y0MAX] [--full-sim-index FULL_SIM_INDEX]
                [--ilc-lmin ILC_LMIN] [--ilc-lmax ILC_LMAX] [--arcmax ARCMAX]
                [--arcstep ARCSTEP] [--max-rms MAX_RMS] [--swidth SWIDTH]
                [--pwidth PWIDTH] [--no-fit-noise] [--day-null]
                [--tap-per TAP_PER] [--pad-per PAD_PER]
                [--debug-fit DEBUG_FIT] [--debug-anomalies] [--debug-powers]
                [--debug-nl] [--no-90] [--no-150] [--inpaint] [--no-sz-sub]
                [--s19] [--curl] [--inject-sim]
                [--lensed-sim-version LENSED_SIM_VERSION] [-o]
                [--is-meanfield] [--debug-stack] [--bcg] [--rand-rot]
usage: stack.py [-h] [-N NMAX] [--grad-lmin GRAD_LMIN] [--grad-lmax GRAD_LMAX]
                [--hres-lmin HRES_LMIN] [--hres-lmax HRES_LMAX]
                [--klmin KLMIN] [--klmax KLMAX] [--hres-lxcut HRES_LXCUT]
                [--hres-lycut HRES_LYCUT] [--zmin ZMIN] [--zmax ZMAX]
                [--snmin SNMIN] [--snmax SNMAX] [--y0min Y0MIN]
                [--y0max Y0MAX] [--full-sim-index FULL_SIM_INDEX]
                [--ilc-lmin ILC_LMIN] [--ilc-lmax ILC_LMAX] [--arcmax ARCMAX]
                [--arcstep ARCSTEP] [--max-rms MAX_RMS] [--swidth SWIDTH]
                [--pwidth PWIDTH] [--no-fit-noise] [--day-null]
                [--tap-per TAP_PER] [--pad-per PAD_PER]
                [--debug-fit DEBUG_FIT] [--debug-anomalies] [--debug-powers]
                [--debug-nl] [--no-90] [--no-150] [--inpaint] [--no-sz-sub]
                [--s19] [--curl] [--inject-sim]
                [--lensed-sim-version LENSED_SIM_VERSION] [-o]
                [--is-meanfield] [--debug-stack] [--bcg] [--rand-rot]
usage: stack.py [-h] [-N NMAX] [--grad-lmin GRAD_LMIN] [--grad-lmax GRAD_LMAX]
                [--hres-lmin HRES_LMIN] [--hres-lmax HRES_LMAX]
                [--klmin KLMIN] [--klmax KLMAX] [--hres-lxcut HRES_LXCUT]
                [--hres-lycut HRES_LYCUT] [--zmin ZMIN] [--zmax ZMAX]
                [--snmin SNMIN] [--snmax SNMAX] [--y0min Y0MIN]
                [--y0max Y0MAX] [--full-sim-index FULL_SIM_INDEX]
                [--ilc-lmin ILC_LMIN] [--ilc-lmax ILC_LMAX] [--arcmax ARCMAX]
                [--arcstep ARCSTEP] [--max-rms MAX_RMS] [--swidth SWIDTH]
                [--pwidth PWIDTH] [--no-fit-noise] [--day-null]
                [--tap-per TAP_PER] [--pad-per PAD_PER]
                [--debug-fit DEBUG_FIT] [--debug-anomalies] [--debug-powers]
                [--debug-nl] [--no-90] [--no-150] [--inpaint] [--no-sz-sub]
                [--s19] [--curl] [--inject-sim]
                [--lensed-sim-version LENSED_SIM_VERSION] [-o]
                [--is-meanfield] [--debug-stack] [--bcg] [--rand-rot]
usage: stack.py [-h] [-N NMAX] [--grad-lmin GRAD_LMIN] [--grad-lmax GRAD_LMAX]
                [--hres-lmin HRES_LMIN] [--hres-lmax HRES_LMAX]
                [--klmin KLMIN] [--klmax KLMAX] [--hres-lxcut HRES_LXCUT]
                [--hres-lycut HRES_LYCUT] [--zmin ZMIN] [--zmax ZMAX]
                [--snmin SNMIN] [--snmax SNMAX] [--y0min Y0MIN]
                [--y0max Y0MAX] [--full-sim-index FULL_SIM_INDEX]
                [--ilc-lmin ILC_LMIN] [--ilc-lmax ILC_LMAX] [--arcmax ARCMAX]
                [--arcstep ARCSTEP] [--max-rms MAX_RMS] [--swidth SWIDTH]
                [--pwidth PWIDTH] [--no-fit-noise] [--day-null]
                [--tap-per TAP_PER] [--pad-per PAD_PER]
                [--debug-fit DEBUG_FIT] [--debug-anomalies] [--debug-powers]
                [--debug-nl] [--no-90] [--no-150] [--inpaint] [--no-sz-sub]
                [--s19] [--curl] [--inject-sim]
                [--lensed-sim-version LENSED_SIM_VERSION] [-o]
                [--is-meanfield] [--debug-stack] [--bcg] [--rand-rot]
usage: stack.py [-h] [-N NMAX] [--grad-lmin GRAD_LMIN] [--grad-lmax GRAD_LMAX]
                [--hres-lmin HRES_LMIN] [--hres-lmax HRES_LMAX]
                [--klmin KLMIN] [--klmax KLMAX] [--hres-lxcut HRES_LXCUT]
                [--hres-lycut HRES_LYCUT] [--zmin ZMIN] [--zmax ZMAX]
                [--snmin SNMIN] [--snmax SNMAX] [--y0min Y0MIN]
                [--y0max Y0MAX] [--full-sim-index FULL_SIM_INDEX]
                [--ilc-lmin ILC_LMIN] [--ilc-lmax ILC_LMAX] [--arcmax ARCMAX]
                [--arcstep ARCSTEP] [--max-rms MAX_RMS] [--swidth SWIDTH]
                [--pwidth PWIDTH] [--no-fit-noise] [--day-null]
                [--tap-per TAP_PER] [--pad-per PAD_PER]
                [--debug-fit DEBUG_FIT] [--debug-anomalies] [--debug-powers]
                [--debug-nl] [--no-90] [--no-150] [--inpaint] [--no-sz-sub]
                [--s19] [--curl] [--inject-sim]
                [--lensed-sim-version LENSED_SIM_VERSION] [-o]
                [--is-meanfield] [--debug-stack] [--bcg] [--rand-rot]
usage: stack.py [-h] [-N NMAX] [--grad-lmin GRAD_LMIN] [--grad-lmax GRAD_LMAX]
                [--hres-lmin HRES_LMIN] [--hres-lmax HRES_LMAX]
                [--klmin KLMIN] [--klmax KLMAX] [--hres-lxcut HRES_LXCUT]
                [--hres-lycut HRES_LYCUT] [--zmin ZMIN] [--zmax ZMAX]
                [--snmin SNMIN] [--snmax SNMAX] [--y0min Y0MIN]
                [--y0max Y0MAX] [--full-sim-index FULL_SIM_INDEX]
                [--ilc-lmin ILC_LMIN] [--ilc-lmax ILC_LMAX] [--arcmax ARCMAX]
                [--arcstep ARCSTEP] [--max-rms MAX_RMS] [--swidth SWIDTH]
                [--pwidth PWIDTH] [--no-fit-noise] [--day-null]
                [--tap-per TAP_PER] [--pad-per PAD_PER]
                [--debug-fit DEBUG_FIT] [--debug-anomalies] [--debug-powers]
                [--debug-nl] [--no-90] [--no-150] [--inpaint] [--no-sz-sub]
                [--s19] [--curl] [--inject-sim]
                [--lensed-sim-version LENSED_SIM_VERSION] [-o]
                [--is-meanfield] [--debug-stack] [--bcg] [--rand-rot]
usage: stack.py [-h] [-N NMAX] [--grad-lmin GRAD_LMIN] [--grad-lmax GRAD_LMAX]
                [--hres-lmin HRES_LMIN] [--hres-lmax HRES_LMAX]
                [--klmin KLMIN] [--klmax KLMAX] [--hres-lxcut HRES_LXCUT]
                [--hres-lycut HRES_LYCUT] [--zmin ZMIN] [--zmax ZMAX]
                [--snmin SNMIN] [--snmax SNMAX] [--y0min Y0MIN]
                [--y0max Y0MAX] [--full-sim-index FULL_SIM_INDEX]
                [--ilc-lmin ILC_LMIN] [--ilc-lmax ILC_LMAX] [--arcmax ARCMAX]
                [--arcstep ARCSTEP] [--max-rms MAX_RMS] [--swidth SWIDTH]
                [--pwidth PWIDTH] [--no-fit-noise] [--day-null]
                [--tap-per TAP_PER] [--pad-per PAD_PER]
                [--debug-fit DEBUG_FIT] [--debug-anomalies] [--debug-powers]
                [--debug-nl] [--no-90] [--no-150] [--inpaint] [--no-sz-sub]
                [--s19] [--curl] [--inject-sim]
                [--lensed-sim-version LENSED_SIM_VERSION] [-o]
                [--is-meanfield] [--debug-stack] [--bcg] [--rand-rot]
                [--night-only] [--full-nl] [--act-only-in-hres] [--save-noise]
                [--freq-null]
                version cat_type
stack.py: error: unrecognized arguments: --freq_null
                [--night-only] [--full-nl] [--act-only-in-hres] [--save-noise]
                [--freq-null]
                version cat_type
stack.py: error: unrecognized arguments: --freq_null
                [--night-only] [--full-nl] [--act-only-in-hres] [--save-noise]
                [--freq-null]
                version cat_type
stack.py: error: unrecognized arguments: --freq_null
                [--night-only] [--full-nl] [--act-only-in-hres] [--save-noise]
                [--freq-null]
                version cat_type
stack.py: error: unrecognized arguments: --freq_null
usage: stack.py [-h] [-N NMAX] [--grad-lmin GRAD_LMIN] [--grad-lmax GRAD_LMAX]
                [--hres-lmin HRES_LMIN] [--hres-lmax HRES_LMAX]
                [--klmin KLMIN] [--klmax KLMAX] [--hres-lxcut HRES_LXCUT]
                [--hres-lycut HRES_LYCUT] [--zmin ZMIN] [--zmax ZMAX]
                [--snmin SNMIN] [--snmax SNMAX] [--y0min Y0MIN]
                [--y0max Y0MAX] [--full-sim-index FULL_SIM_INDEX]
                [--ilc-lmin ILC_LMIN] [--ilc-lmax ILC_LMAX] [--arcmax ARCMAX]
                [--arcstep ARCSTEP] [--max-rms MAX_RMS] [--swidth SWIDTH]
                [--pwidth PWIDTH] [--no-fit-noise] [--day-null]
                [--tap-per TAP_PER] [--pad-per PAD_PER]
                [--debug-fit DEBUG_FIT] [--debug-anomalies] [--debug-powers]
                [--debug-nl] [--no-90] [--no-150] [--inpaint] [--no-sz-sub]
                [--s19] [--curl] [--inject-sim]
                [--lensed-sim-version LENSED_SIM_VERSION] [-o]
                [--is-meanfield] [--debug-stack] [--bcg] [--rand-rot]
usage: stack.py [-h] [-N NMAX] [--grad-lmin GRAD_LMIN] [--grad-lmax GRAD_LMAX]
                [--hres-lmin HRES_LMIN] [--hres-lmax HRES_LMAX]
                [--klmin KLMIN] [--klmax KLMAX] [--hres-lxcut HRES_LXCUT]
                [--hres-lycut HRES_LYCUT] [--zmin ZMIN] [--zmax ZMAX]
                [--snmin SNMIN] [--snmax SNMAX] [--y0min Y0MIN]
                [--y0max Y0MAX] [--full-sim-index FULL_SIM_INDEX]
                [--ilc-lmin ILC_LMIN] [--ilc-lmax ILC_LMAX] [--arcmax ARCMAX]
                [--arcstep ARCSTEP] [--max-rms MAX_RMS] [--swidth SWIDTH]
                [--pwidth PWIDTH] [--no-fit-noise] [--day-null]
                [--tap-per TAP_PER] [--pad-per PAD_PER]
                [--debug-fit DEBUG_FIT] [--debug-anomalies] [--debug-powers]
                [--debug-nl] [--no-90] [--no-150] [--inpaint] [--no-sz-sub]
                [--s19] [--curl] [--inject-sim]
                [--lensed-sim-version LENSED_SIM_VERSION] [-o]
                [--is-meanfield] [--debug-stack] [--bcg] [--rand-rot]
usage: stack.py [-h] [-N NMAX] [--grad-lmin GRAD_LMIN] [--grad-lmax GRAD_LMAX]
                [--hres-lmin HRES_LMIN] [--hres-lmax HRES_LMAX]
                [--klmin KLMIN] [--klmax KLMAX] [--hres-lxcut HRES_LXCUT]
                [--hres-lycut HRES_LYCUT] [--zmin ZMIN] [--zmax ZMAX]
                [--snmin SNMIN] [--snmax SNMAX] [--y0min Y0MIN]
                [--y0max Y0MAX] [--full-sim-index FULL_SIM_INDEX]
                [--ilc-lmin ILC_LMIN] [--ilc-lmax ILC_LMAX] [--arcmax ARCMAX]
                [--arcstep ARCSTEP] [--max-rms MAX_RMS] [--swidth SWIDTH]
                [--pwidth PWIDTH] [--no-fit-noise] [--day-null]
                [--tap-per TAP_PER] [--pad-per PAD_PER]
                [--debug-fit DEBUG_FIT] [--debug-anomalies] [--debug-powers]
                [--debug-nl] [--no-90] [--no-150] [--inpaint] [--no-sz-sub]
                [--s19] [--curl] [--inject-sim]
                [--lensed-sim-version LENSED_SIM_VERSION] [-o]
                [--is-meanfield] [--debug-stack] [--bcg] [--rand-rot]
usage: stack.py [-h] [-N NMAX] [--grad-lmin GRAD_LMIN] [--grad-lmax GRAD_LMAX]
                [--hres-lmin HRES_LMIN] [--hres-lmax HRES_LMAX]
                [--klmin KLMIN] [--klmax KLMAX] [--hres-lxcut HRES_LXCUT]
                [--hres-lycut HRES_LYCUT] [--zmin ZMIN] [--zmax ZMAX]
                [--snmin SNMIN] [--snmax SNMAX] [--y0min Y0MIN]
                [--y0max Y0MAX] [--full-sim-index FULL_SIM_INDEX]
                [--ilc-lmin ILC_LMIN] [--ilc-lmax ILC_LMAX] [--arcmax ARCMAX]
                [--arcstep ARCSTEP] [--max-rms MAX_RMS] [--swidth SWIDTH]
                [--pwidth PWIDTH] [--no-fit-noise] [--day-null]
                [--tap-per TAP_PER] [--pad-per PAD_PER]
                [--debug-fit DEBUG_FIT] [--debug-anomalies] [--debug-powers]
                [--debug-nl] [--no-90] [--no-150] [--inpaint] [--no-sz-sub]
                [--s19] [--curl] [--inject-sim]
                [--lensed-sim-version LENSED_SIM_VERSION] [-o]
                [--is-meanfield] [--debug-stack] [--bcg] [--rand-rot]
                [--night-only] [--full-nl] [--act-only-in-hres] [--save-noise]
                [--freq-null]
                version cat_type
stack.py: error: unrecognized arguments: --freq_null
                [--night-only] [--full-nl] [--act-only-in-hres] [--save-noise]
                [--freq-null]
                version cat_type
stack.py: error: unrecognized arguments: --freq_null
                [--night-only] [--full-nl] [--act-only-in-hres] [--save-noise]
                [--freq-null]
                version cat_type
stack.py: error: unrecognized arguments: --freq_null
                [--night-only] [--full-nl] [--act-only-in-hres] [--save-noise]
                [--freq-null]
                version cat_type
stack.py: error: unrecognized arguments: --freq_null
                [--night-only] [--full-nl] [--act-only-in-hres] [--save-noise]
                [--freq-null]
                version cat_type
stack.py: error: unrecognized arguments: --freq_null
usage: stack.py [-h] [-N NMAX] [--grad-lmin GRAD_LMIN] [--grad-lmax GRAD_LMAX]
                [--hres-lmin HRES_LMIN] [--hres-lmax HRES_LMAX]
                [--klmin KLMIN] [--klmax KLMAX] [--hres-lxcut HRES_LXCUT]
                [--hres-lycut HRES_LYCUT] [--zmin ZMIN] [--zmax ZMAX]
                [--snmin SNMIN] [--snmax SNMAX] [--y0min Y0MIN]
                [--y0max Y0MAX] [--full-sim-index FULL_SIM_INDEX]
                [--ilc-lmin ILC_LMIN] [--ilc-lmax ILC_LMAX] [--arcmax ARCMAX]
                [--arcstep ARCSTEP] [--max-rms MAX_RMS] [--swidth SWIDTH]
                [--pwidth PWIDTH] [--no-fit-noise] [--day-null]
                [--tap-per TAP_PER] [--pad-per PAD_PER]
                [--debug-fit DEBUG_FIT] [--debug-anomalies] [--debug-powers]
                [--debug-nl] [--no-90] [--no-150] [--inpaint] [--no-sz-sub]
                [--s19] [--curl] [--inject-sim]
                [--lensed-sim-version LENSED_SIM_VERSION] [-o]
                [--is-meanfield] [--debug-stack] [--bcg] [--rand-rot]
                [--night-only] [--full-nl] [--act-only-in-hres] [--save-noise]
                [--freq-null]
                version cat_type
stack.py: error: unrecognized arguments: --freq_null
                [--night-only] [--full-nl] [--act-only-in-hres] [--save-noise]
                [--freq-null]
                version cat_type
stack.py: error: unrecognized arguments: --freq_null
                [--night-only] [--full-nl] [--act-only-in-hres] [--save-noise]
                [--freq-null]
                version cat_type
stack.py: error: unrecognized arguments: --freq_null
                [--night-only] [--full-nl] [--act-only-in-hres] [--save-noise]
                [--freq-null]
                version cat_type
stack.py: error: unrecognized arguments: --freq_null
usage: stack.py [-h] [-N NMAX] [--grad-lmin GRAD_LMIN] [--grad-lmax GRAD_LMAX]
                [--hres-lmin HRES_LMIN] [--hres-lmax HRES_LMAX]
                [--klmin KLMIN] [--klmax KLMAX] [--hres-lxcut HRES_LXCUT]
                [--hres-lycut HRES_LYCUT] [--zmin ZMIN] [--zmax ZMAX]
                [--snmin SNMIN] [--snmax SNMAX] [--y0min Y0MIN]
                [--y0max Y0MAX] [--full-sim-index FULL_SIM_INDEX]
                [--ilc-lmin ILC_LMIN] [--ilc-lmax ILC_LMAX] [--arcmax ARCMAX]
                [--arcstep ARCSTEP] [--max-rms MAX_RMS] [--swidth SWIDTH]
                [--pwidth PWIDTH] [--no-fit-noise] [--day-null]
                [--tap-per TAP_PER] [--pad-per PAD_PER]
                [--debug-fit DEBUG_FIT] [--debug-anomalies] [--debug-powers]
                [--debug-nl] [--no-90] [--no-150] [--inpaint] [--no-sz-sub]
                [--s19] [--curl] [--inject-sim]
                [--lensed-sim-version LENSED_SIM_VERSION] [-o]
                [--is-meanfield] [--debug-stack] [--bcg] [--rand-rot]
usage: stack.py [-h] [-N NMAX] [--grad-lmin GRAD_LMIN] [--grad-lmax GRAD_LMAX]
                [--hres-lmin HRES_LMIN] [--hres-lmax HRES_LMAX]
                [--klmin KLMIN] [--klmax KLMAX] [--hres-lxcut HRES_LXCUT]
                [--hres-lycut HRES_LYCUT] [--zmin ZMIN] [--zmax ZMAX]
                [--snmin SNMIN] [--snmax SNMAX] [--y0min Y0MIN]
                [--y0max Y0MAX] [--full-sim-index FULL_SIM_INDEX]
                [--ilc-lmin ILC_LMIN] [--ilc-lmax ILC_LMAX] [--arcmax ARCMAX]
                [--arcstep ARCSTEP] [--max-rms MAX_RMS] [--swidth SWIDTH]
                [--pwidth PWIDTH] [--no-fit-noise] [--day-null]
                [--tap-per TAP_PER] [--pad-per PAD_PER]
                [--debug-fit DEBUG_FIT] [--debug-anomalies] [--debug-powers]
                [--debug-nl] [--no-90] [--no-150] [--inpaint] [--no-sz-sub]
                [--s19] [--curl] [--inject-sim]
                [--lensed-sim-version LENSED_SIM_VERSION] [-o]
                [--is-meanfield] [--debug-stack] [--bcg] [--rand-rot]
usage: stack.py [-h] [-N NMAX] [--grad-lmin GRAD_LMIN] [--grad-lmax GRAD_LMAX]
                [--hres-lmin HRES_LMIN] [--hres-lmax HRES_LMAX]
                [--klmin KLMIN] [--klmax KLMAX] [--hres-lxcut HRES_LXCUT]
                [--hres-lycut HRES_LYCUT] [--zmin ZMIN] [--zmax ZMAX]
                [--snmin SNMIN] [--snmax SNMAX] [--y0min Y0MIN]
                [--y0max Y0MAX] [--full-sim-index FULL_SIM_INDEX]
                [--ilc-lmin ILC_LMIN] [--ilc-lmax ILC_LMAX] [--arcmax ARCMAX]
                [--arcstep ARCSTEP] [--max-rms MAX_RMS] [--swidth SWIDTH]
                [--pwidth PWIDTH] [--no-fit-noise] [--day-null]
                [--tap-per TAP_PER] [--pad-per PAD_PER]
                [--debug-fit DEBUG_FIT] [--debug-anomalies] [--debug-powers]
                [--debug-nl] [--no-90] [--no-150] [--inpaint] [--no-sz-sub]
                [--s19] [--curl] [--inject-sim]
                [--lensed-sim-version LENSED_SIM_VERSION] [-o]
                [--is-meanfield] [--debug-stack] [--bcg] [--rand-rot]
                [--night-only] [--full-nl] [--act-only-in-hres] [--save-noise]
                [--freq-null]
                version cat_type
stack.py: error: unrecognized arguments: --freq_null
                [--night-only] [--full-nl] [--act-only-in-hres] [--save-noise]
                [--freq-null]
                version cat_type
stack.py: error: unrecognized arguments: --freq_null
                [--night-only] [--full-nl] [--act-only-in-hres] [--save-noise]
                [--freq-null]
                version cat_type
stack.py: error: unrecognized arguments: --freq_null
srun: error: nid01397: tasks 10-11: Exited with exit code 2
srun: Terminating job step 38223629.0
srun: error: nid01458: tasks 12-13: Exited with exit code 2
srun: error: nid00971: tasks 2-3: Exited with exit code 2
srun: error: nid01459: tasks 14-15: Exited with exit code 2
srun: error: nid01313: tasks 4-5: Exited with exit code 2
srun: error: nid01314: tasks 6-7: Exited with exit code 2
srun: error: nid00970: tasks 0-1: Exited with exit code 2
srun: error: nid01396: tasks 8-9: Exited with exit code 2
