54.58 27.32 34.39 load maps
54.63 27.32 30.89 load maps
54.67 27.32 30.89 load maps
Traceback (most recent call last):
  File "/global/homes/e/eunseong/cmbhalolensing/stack.py", line 124, in <module>
    imap_90, cylindrical=True
  File "/global/homes/e/eunseong/.local/cori/3.7-anaconda-2019.07/lib/python3.7/site-packages/orphics/maps.py", line 94, in rms_from_ivar
    return np.sqrt(var*parea)*180*60./np.pi
MemoryError
Traceback (most recent call last):
  File "/global/homes/e/eunseong/cmbhalolensing/stack.py", line 124, in <module>
    imap_90, cylindrical=True
  File "/global/homes/e/eunseong/.local/cori/3.7-anaconda-2019.07/lib/python3.7/site-packages/orphics/maps.py", line 94, in rms_from_ivar
    return np.sqrt(var*parea)*180*60./np.pi
MemoryError
Traceback (most recent call last):
  File "/global/homes/e/eunseong/cmbhalolensing/stack.py", line 124, in <module>
    imap_90, cylindrical=True
  File "/global/homes/e/eunseong/.local/cori/3.7-anaconda-2019.07/lib/python3.7/site-packages/orphics/maps.py", line 94, in rms_from_ivar
    return np.sqrt(var*parea)*180*60./np.pi
MemoryError
55.01 27.39 30.96 load maps
Traceback (most recent call last):
  File "/global/homes/e/eunseong/cmbhalolensing/stack.py", line 124, in <module>
    imap_90, cylindrical=True
  File "/global/homes/e/eunseong/.local/cori/3.7-anaconda-2019.07/lib/python3.7/site-packages/orphics/maps.py", line 94, in rms_from_ivar
    return np.sqrt(var*parea)*180*60./np.pi
MemoryError
55.10 27.32 34.39 load maps
Traceback (most recent call last):
  File "/global/homes/e/eunseong/cmbhalolensing/stack.py", line 124, in <module>
    imap_90, cylindrical=True
  File "/global/homes/e/eunseong/.local/cori/3.7-anaconda-2019.07/lib/python3.7/site-packages/orphics/maps.py", line 94, in rms_from_ivar
    return np.sqrt(var*parea)*180*60./np.pi
MemoryError
slurmstepd: error: Detected 1 oom-kill event(s) in step 35711445.0 cgroup. Some of your processes may have been killed by the cgroup out-of-memory handler.
srun: error: nid01281: task 18: Out Of Memory
srun: Terminating job step 35711445.0
slurmstepd: error: Detected 1 oom-kill event(s) in step 35711445.0 cgroup. Some of your processes may have been killed by the cgroup out-of-memory handler.
slurmstepd: error: *** STEP 35711445.0 ON nid00797 CANCELLED AT 2020-10-30T15:16:33 ***
srun: error: nid00797: task 3: Terminated
srun: error: nid01233: task 11: Terminated
srun: error: nid01615: task 31: Terminated
srun: error: nid01016: task 4: Terminated
srun: error: nid01234: task 15: Terminated
slurmstepd: error: Detected 1 oom-kill event(s) in step 35711445.0 cgroup. Some of your processes may have been killed by the cgroup out-of-memory handler.
srun: error: nid01233: task 9: Terminated
srun: error: nid00797: tasks 1-2: Terminated
srun: error: nid01016: tasks 5-7: Terminated
srun: error: nid01234: tasks 12-14: Terminated
srun: error: nid00797: task 0: Terminated
srun: error: nid01615: tasks 28-30: Terminated
srun: error: nid01233: tasks 8,10: Terminated
srun: Force Terminated job step 35711445.0
